C:\USERS\ANTONIO\DOCUMENTS\GITHUB\ESINF1314\MAPADIGITAL\MAPADIGITAL\DEBUG\AUTOESTRADAS.OBJ
C:\USERS\ANTONIO\DOCUMENTS\GITHUB\ESINF1314\MAPADIGITAL\MAPADIGITAL\DEBUG\ESTRADASNACIONAIS.OBJ
C:\USERS\ANTONIO\DOCUMENTS\GITHUB\ESINF1314\MAPADIGITAL\MAPADIGITAL\DEBUG\FICHEIRO.OBJ
C:\USERS\ANTONIO\DOCUMENTS\GITHUB\ESINF1314\MAPADIGITAL\MAPADIGITAL\DEBUG\LOCAIS.OBJ
C:\USERS\ANTONIO\DOCUMENTS\GITHUB\ESINF1314\MAPADIGITAL\MAPADIGITAL\DEBUG\LOCAISHISTORICOSCULTURAIS.OBJ
C:\USERS\ANTONIO\DOCUMENTS\GITHUB\ESINF1314\MAPADIGITAL\MAPADIGITAL\DEBUG\LOCAISNATURAIS.OBJ
C:\USERS\ANTONIO\DOCUMENTS\GITHUB\ESINF1314\MAPADIGITAL\MAPADIGITAL\DEBUG\TESTE.OBJ
C:\USERS\ANTONIO\DOCUMENTS\GITHUB\ESINF1314\MAPADIGITAL\MAPADIGITAL\DEBUG\VIASLIGACAO.OBJ
C:\USERS\ANTONIO\DOCUMENTS\GITHUB\ESINF1314\MAPADIGITAL\MAPADIGITAL\DEBUG\VC110.PDB
C:\USERS\ANTONIO\DOCUMENTS\GITHUB\ESINF1314\MAPADIGITAL\DEBUG\MAPADIGITAL.ILK
C:\USERS\ANTONIO\DOCUMENTS\GITHUB\ESINF1314\MAPADIGITAL\DEBUG\MAPADIGITAL.EXE
C:\USERS\ANTONIO\DOCUMENTS\GITHUB\ESINF1314\MAPADIGITAL\DEBUG\MAPADIGITAL.PDB
C:\Users\Antonio\Documents\GitHub\esinf1314\MapaDigital\MapaDigital\Debug\AutoEstradas.obj
C:\Users\Antonio\Documents\GitHub\esinf1314\MapaDigital\MapaDigital\Debug\EstradasNacionais.obj
C:\Users\Antonio\Documents\GitHub\esinf1314\MapaDigital\MapaDigital\Debug\Ficheiro.obj
C:\Users\Antonio\Documents\GitHub\esinf1314\MapaDigital\MapaDigital\Debug\Locais.obj
C:\Users\Antonio\Documents\GitHub\esinf1314\MapaDigital\MapaDigital\Debug\LocaisHistoricosCulturais.obj
C:\Users\Antonio\Documents\GitHub\esinf1314\MapaDigital\MapaDigital\Debug\LocaisNaturais.obj
C:\Users\Antonio\Documents\GitHub\esinf1314\MapaDigital\MapaDigital\Debug\Teste.obj
C:\Users\Antonio\Documents\GitHub\esinf1314\MapaDigital\MapaDigital\Debug\ViasLigacao.obj
C:\Users\Antonio\Documents\GitHub\esinf1314\MapaDigital\MapaDigital\Debug\cl.command.1.tlog
C:\Users\Antonio\Documents\GitHub\esinf1314\MapaDigital\MapaDigital\Debug\CL.read.1.tlog
C:\Users\Antonio\Documents\GitHub\esinf1314\MapaDigital\MapaDigital\Debug\CL.write.1.tlog
C:\Users\Antonio\Documents\GitHub\esinf1314\MapaDigital\MapaDigital\Debug\link-cvtres.read.1.tlog
C:\Users\Antonio\Documents\GitHub\esinf1314\MapaDigital\MapaDigital\Debug\link-cvtres.write.1.tlog
C:\Users\Antonio\Documents\GitHub\esinf1314\MapaDigital\MapaDigital\Debug\link-rc.read.1.tlog
C:\Users\Antonio\Documents\GitHub\esinf1314\MapaDigital\MapaDigital\Debug\link-rc.write.1.tlog
C:\Users\Antonio\Documents\GitHub\esinf1314\MapaDigital\MapaDigital\Debug\link.command.1.tlog
C:\Users\Antonio\Documents\GitHub\esinf1314\MapaDigital\MapaDigital\Debug\link.read.1.tlog
C:\Users\Antonio\Documents\GitHub\esinf1314\MapaDigital\MapaDigital\Debug\link.write.1.tlog
C:\Users\Antonio\Documents\GitHub\esinf1314\MapaDigital\MapaDigital\Debug\vc110.idb
C:\Users\Antonio\Documents\GitHub\esinf1314\MapaDigital\MapaDigital\Debug\vc110.pdb
C:\Users\Antonio\Documents\GitHub\esinf1314\MapaDigital\Debug\MapaDigital.pdb
C:\Users\Antonio\Documents\GitHub\esinf1314\MapaDigital\Debug\MapaDigital.exe
C:\Users\Antonio\Documents\GitHub\esinf1314\MapaDigital\Debug\MapaDigital.ilk
